<?xml version="1.0" encoding="UTF-8"?>
<testng-results skipped="0" failed="0" total="1" passed="1">
  <reporter-output>
  </reporter-output>
  <suite name="Suite" duration-ms="25035" started-at="2016-09-29T14:26:20Z" finished-at="2016-09-29T14:26:45Z">
    <groups>
    </groups>
    <test name="Test" duration-ms="25035" started-at="2016-09-29T14:26:20Z" finished-at="2016-09-29T14:26:45Z">
      <class name="Maven.Selenium.WebDriver1.HellowWorldTest">
        <test-method status="PASS" signature="Hello()[pri:0, instance:Maven.Selenium.WebDriver1.HellowWorldTest@f71333]" name="Hello" duration-ms="25019" started-at="2016-09-29T19:56:20Z" finished-at="2016-09-29T19:56:45Z">
          <reporter-output>
          </reporter-output>
        </test-method> <!-- Hello -->
      </class> <!-- Maven.Selenium.WebDriver1.HellowWorldTest -->
    </test> <!-- Test -->
  </suite> <!-- Suite -->
</testng-results>
